0 info it worked if it ends with ok
1 verbose cli [ 'node', '/usr/local/bin/npm', 'start' ]
2 info using npm@2.1.4
3 info using node@v0.10.32
4 verbose run-script [ 'prestart', 'start', 'poststart' ]
5 info prestart august9@0.1.2
6 info start august9@0.1.2
7 verbose unsafe-perm in lifecycle true
8 info august9@0.1.2 Failed to exec start script
9 verbose stack Error: august9@0.1.2 start: `node public/index.js`
9 verbose stack Exit status 8
9 verbose stack     at ChildProcess.<anonymous> (/usr/local/lib/node_modules/npm/lib/utils/lifecycle.js:212:16)
9 verbose stack     at ChildProcess.emit (events.js:98:17)
9 verbose stack     at maybeClose (child_process.js:756:16)
9 verbose stack     at Process.ChildProcess._handle.onexit (child_process.js:823:5)
10 verbose pkgid august9@0.1.2
11 verbose cwd /Users/johannesakse/Documents/studier/master/heroku/august9
12 error Darwin 13.4.0
13 error argv "node" "/usr/local/bin/npm" "start"
14 error node v0.10.32
15 error npm  v2.1.4
16 error code ELIFECYCLE
17 error august9@0.1.2 start: `node public/index.js`
17 error Exit status 8
18 error Failed at the august9@0.1.2 start script.
18 error This is most likely a problem with the august9 package,
18 error not with npm itself.
18 error Tell the author that this fails on your system:
18 error     node public/index.js
18 error You can get their info via:
18 error     npm owner ls august9
18 error There is likely additional logging output above.
19 verbose exit [ 1, true ]
